<?xml version="1.0" encoding="UTF-8"?>
<testng-results total="1" passed="1" failed="0" skipped="0">
  <reporter-output>
  </reporter-output>
  <suite started-at="2024-10-26T12:26:08Z" name="Surefire suite" finished-at="2024-10-26T12:26:08Z" duration-ms="37">
    <groups>
    </groups>
    <test started-at="2024-10-26T12:26:08Z" name="Surefire test" finished-at="2024-10-26T12:26:08Z" duration-ms="37">
      <class name="test.MainTest">
        <test-method signature="test()[pri:0, instance:test.MainTest@103f852]" started-at="2024-10-26T18:26:08Z" name="test" finished-at="2024-10-26T18:26:08Z" duration-ms="21" status="PASS">
          <reporter-output>
          </reporter-output>
        </test-method> <!-- test -->
      </class> <!-- test.MainTest -->
    </test> <!-- Surefire test -->
  </suite> <!-- Surefire suite -->
</testng-results>
