<?xml version="1.0" encoding="UTF-8"?>
<testng-results ignored="0" total="1" passed="1" failed="0" skipped="0">
  <reporter-output>
  </reporter-output>
  <suite started-at="2024-10-27T19:34:19 BDT" name="Surefire suite" finished-at="2024-10-27T19:34:23 BDT" duration-ms="4485">
    <groups>
    </groups>
    <test started-at="2024-10-27T19:34:19 BDT" name="Surefire test" finished-at="2024-10-27T19:34:23 BDT" duration-ms="4485">
      <class name="test.MainTest">
        <test-method is-config="true" signature="setup()[pri:0, instance:test.MainTest@68a4dcc6]" started-at="2024-10-27T19:34:19 BDT" name="setup" finished-at="2024-10-27T19:34:23 BDT" duration-ms="4027" status="PASS">
          <reporter-output>
          </reporter-output>
        </test-method> <!-- setup -->
        <test-method signature="test()[pri:0, instance:test.MainTest@68a4dcc6]" started-at="2024-10-27T19:34:23 BDT" name="test" finished-at="2024-10-27T19:34:23 BDT" duration-ms="26" status="PASS">
          <reporter-output>
          </reporter-output>
        </test-method> <!-- test -->
        <test-method is-config="true" signature="teardown()[pri:0, instance:test.MainTest@68a4dcc6]" started-at="2024-10-27T19:34:23 BDT" name="teardown" finished-at="2024-10-27T19:34:23 BDT" duration-ms="375" status="PASS">
          <reporter-output>
          </reporter-output>
        </test-method> <!-- teardown -->
      </class> <!-- test.MainTest -->
    </test> <!-- Surefire test -->
  </suite> <!-- Surefire suite -->
</testng-results>
